assignment6/code/Luke_McEvoy/Chat-App/app/build/intermediates/manifest_merge_blame_file/debug/manifest-merger-blame-debug-report.txt
1<?xml version="1.0" encoding="utf-8"?>
2<manifest xmlns:android="http://schemas.android.com/apk/res/android"
3    package="edu.stevens.cs522.chat"
4    android:versionCode="1"
5    android:versionName="1.0" >
6
7    <uses-sdk
8        android:minSdkVersion="22"
8-->src/main/AndroidManifest.xml
9        android:targetSdkVersion="29" />
9-->src/main/AndroidManifest.xml
10
11    <uses-permission android:name="android.permission.WRITE_EXTERNAL_STORAGE" />
11-->src/main/AndroidManifest.xml:5:5-81
11-->src/main/AndroidManifest.xml:5:22-78
12    <uses-permission android:name="android.permission.INTERNET" />
12-->src/main/AndroidManifest.xml:6:5-67
12-->src/main/AndroidManifest.xml:6:22-64
13
14    <application
14-->src/main/AndroidManifest.xml:8:5-42:19
15        android:allowBackup="true"
15-->src/main/AndroidManifest.xml:9:9-35
16        android:appComponentFactory="androidx.core.app.CoreComponentFactory"
16-->[androidx.core:core:1.3.0] AndroidManifest.xml:24:18-86
17        android:debuggable="true"
18        android:icon="@mipmap/ic_launcher"
18-->src/main/AndroidManifest.xml:10:9-43
19        android:label="@string/app_name"
19-->src/main/AndroidManifest.xml:11:9-41
20        android:roundIcon="@mipmap/ic_launcher_round"
20-->[:cs522-library] AndroidManifest.xml:15:9-54
21        android:supportsRtl="true"
21-->src/main/AndroidManifest.xml:12:9-35
22        android:testOnly="true"
23        android:theme="@style/AppTheme" >
23-->src/main/AndroidManifest.xml:13:9-40
24        <activity android:name="edu.stevens.cs522.chat.activities.ChatActivity" >
24-->src/main/AndroidManifest.xml:14:9-20:20
24-->src/main/AndroidManifest.xml:14:19-58
25            <intent-filter>
25-->src/main/AndroidManifest.xml:15:13-19:29
26                <action android:name="android.intent.action.MAIN" />
26-->src/main/AndroidManifest.xml:16:17-69
26-->src/main/AndroidManifest.xml:16:25-66
27
28                <category android:name="android.intent.category.LAUNCHER" />
28-->src/main/AndroidManifest.xml:18:17-77
28-->src/main/AndroidManifest.xml:18:27-74
29            </intent-filter>
30        </activity>
31        <activity
31-->src/main/AndroidManifest.xml:21:9-23:65
32            android:name="edu.stevens.cs522.chat.activities.ViewPeersActivity"
32-->src/main/AndroidManifest.xml:22:13-57
33            android:label="@string/title_activity_view_peers" />
33-->src/main/AndroidManifest.xml:23:13-62
34        <activity
34-->src/main/AndroidManifest.xml:24:9-26:64
35            android:name="edu.stevens.cs522.chat.activities.ViewPeerActivity"
35-->src/main/AndroidManifest.xml:25:13-56
36            android:label="@string/title_activity_view_peer" />
36-->src/main/AndroidManifest.xml:26:13-61
37        <activity
37-->src/main/AndroidManifest.xml:27:9-30:63
38            android:name="edu.stevens.cs522.chat.activities.SettingsActivity"
38-->src/main/AndroidManifest.xml:28:13-56
39            android:label="@string/title_activity_settings"
39-->src/main/AndroidManifest.xml:30:13-60
40            android:theme="@style/Theme.AppCompat.Light.DarkActionBar" />
40-->src/main/AndroidManifest.xml:29:13-71
41
42        <provider
42-->src/main/AndroidManifest.xml:32:9-36:39
43            android:name="edu.stevens.cs522.chat.providers.ChatProvider"
43-->src/main/AndroidManifest.xml:33:13-51
44            android:authorities="edu.stevens.cs522.chat"
44-->src/main/AndroidManifest.xml:34:13-57
45            android:enabled="true"
45-->src/main/AndroidManifest.xml:35:13-35
46            android:exported="false" />
46-->src/main/AndroidManifest.xml:36:13-37
47
48        <service
48-->src/main/AndroidManifest.xml:38:9-41:48
49            android:name="edu.stevens.cs522.chat.services.ChatService"
49-->src/main/AndroidManifest.xml:39:13-49
50            android:enabled="true"
50-->src/main/AndroidManifest.xml:40:13-35
51            android:exported="false" />
51-->src/main/AndroidManifest.xml:41:13-37
52    </application>
53
54</manifest>